CRITICAL - 2025-12-13 22:56:22 --> ErrorException: Undefined array key "patient_change"
[Method: GET, Route: dashboard]
in APPPATH\Views\dashboard.php on line 35.
 1 APPPATH\Views\dashboard.php(35): CodeIgniter\Debug\Exceptions->errorHandler(2, 'Undefined array key "patient_change"', 'C:\\xampp\\htdocs\\HMS-ITE311-G7\\app\\Views\\dashboard.php', 35)
 2 SYSTEMPATH\View\View.php(226): include('C:\\xampp\\htdocs\\HMS-ITE311-G7\\app\\Views\\dashboard.php')
 3 SYSTEMPATH\View\View.php(229): CodeIgniter\View\View->CodeIgniter\View\{closure}()
 4 SYSTEMPATH\Common.php(1167): CodeIgniter\View\View->render('dashboard', [], true)
 5 APPPATH\Controllers\Dashboard.php(65): view('dashboard', [...])
 6 SYSTEMPATH\CodeIgniter.php(933): App\Controllers\Dashboard->index()
 7 SYSTEMPATH\CodeIgniter.php(507): CodeIgniter\CodeIgniter->runController(Object(App\Controllers\Dashboard))
 8 SYSTEMPATH\CodeIgniter.php(354): CodeIgniter\CodeIgniter->handleRequest(null, Object(Config\Cache), false)
 9 SYSTEMPATH\Boot.php(363): CodeIgniter\CodeIgniter->run()
10 SYSTEMPATH\Boot.php(68): CodeIgniter\Boot::runCodeIgniter(Object(CodeIgniter\CodeIgniter))
11 FCPATH\index.php(59): CodeIgniter\Boot::bootWeb(Object(Config\Paths))
ERROR - 2025-12-13 23:33:00 --> mysqli_sql_exception: Column count doesn't match value count at row 1 in C:\xampp\htdocs\HMS-ITE311-G7\system\Database\MySQLi\Connection.php:327
Stack trace:
#0 C:\xampp\htdocs\HMS-ITE311-G7\system\Database\MySQLi\Connection.php(327): mysqli->query('INSERT INTO `ad...', 0)
#1 C:\xampp\htdocs\HMS-ITE311-G7\system\Database\BaseConnection.php(729): CodeIgniter\Database\MySQLi\Connection->execute('INSERT INTO `ad...')
#2 C:\xampp\htdocs\HMS-ITE311-G7\system\Database\BaseConnection.php(646): CodeIgniter\Database\BaseConnection->simpleQuery('INSERT INTO `ad...')
#3 C:\xampp\htdocs\HMS-ITE311-G7\system\Database\BaseBuilder.php(1841): CodeIgniter\Database\BaseConnection->query('INSERT INTO `ad...', NULL, false)
#4 C:\xampp\htdocs\HMS-ITE311-G7\system\Database\BaseBuilder.php(2230): CodeIgniter\Database\BaseBuilder->batchExecute('_insertBatch', 100)
#5 C:\xampp\htdocs\HMS-ITE311-G7\app\Database\Seeds\AdmissionsSeeder.php(120): CodeIgniter\Database\BaseBuilder->insertBatch(Array)
#6 C:\xampp\htdocs\HMS-ITE311-G7\system\Database\Seeder.php(149): App\Database\Seeds\AdmissionsSeeder->run()
#7 C:\xampp\htdocs\HMS-ITE311-G7\system\Commands\Database\Seed.php(79): CodeIgniter\Database\Seeder->call('App\\Database\\Se...')
#8 C:\xampp\htdocs\HMS-ITE311-G7\system\CLI\Commands.php(74): CodeIgniter\Commands\Database\Seed->run(Array)
#9 C:\xampp\htdocs\HMS-ITE311-G7\system\CLI\Console.php(47): CodeIgniter\CLI\Commands->run('db:seed', Array)
#10 C:\xampp\htdocs\HMS-ITE311-G7\system\Boot.php(388): CodeIgniter\CLI\Console->run()
#11 C:\xampp\htdocs\HMS-ITE311-G7\system\Boot.php(133): CodeIgniter\Boot::runCommand(Object(CodeIgniter\CLI\Console))
#12 C:\xampp\htdocs\HMS-ITE311-G7\spark(87): CodeIgniter\Boot::bootSpark(Object(Config\Paths))
#13 {main}
