ERROR - 2025-12-04 15:02:46 --> Error connecting to the database: mysqli_sql_exception: Unknown database 'ite-hms-g7' in C:\xampp\htdocs\HMS-ITE311-G7\system\Database\MySQLi\Connection.php:202
Stack trace:
#0 C:\xampp\htdocs\HMS-ITE311-G7\system\Database\MySQLi\Connection.php(202): mysqli->real_connect('localhost', 'root', '', 'ite-hms-g7', 3306, '', 0)
#1 C:\xampp\htdocs\HMS-ITE311-G7\system\Database\BaseConnection.php(419): CodeIgniter\Database\MySQLi\Connection->connect(false)
#2 C:\xampp\htdocs\HMS-ITE311-G7\system\Database\BaseConnection.php(614): CodeIgniter\Database\BaseConnection->initialize()
#3 C:\xampp\htdocs\HMS-ITE311-G7\system\Database\BaseBuilder.php(1649): CodeIgniter\Database\BaseConnection->query('SELECT *\nFROM `...', Array, false)
#4 C:\xampp\htdocs\HMS-ITE311-G7\system\Model.php(330): CodeIgniter\Database\BaseBuilder->get()
#5 C:\xampp\htdocs\HMS-ITE311-G7\system\BaseModel.php(715): CodeIgniter\Model->doFirst()
#6 C:\xampp\htdocs\HMS-ITE311-G7\app\Models\UserModel.php(70): CodeIgniter\BaseModel->first()
#7 C:\xampp\htdocs\HMS-ITE311-G7\app\Controllers\Auth.php(42): App\Models\UserModel->verifyPassword('admin@gmail.com', 'admin123')
#8 C:\xampp\htdocs\HMS-ITE311-G7\system\CodeIgniter.php(933): App\Controllers\Auth->authenticate()
#9 C:\xampp\htdocs\HMS-ITE311-G7\system\CodeIgniter.php(507): CodeIgniter\CodeIgniter->runController(Object(App\Controllers\Auth))
#10 C:\xampp\htdocs\HMS-ITE311-G7\system\CodeIgniter.php(354): CodeIgniter\CodeIgniter->handleRequest(NULL, Object(Config\Cache), false)
#11 C:\xampp\htdocs\HMS-ITE311-G7\system\Boot.php(363): CodeIgniter\CodeIgniter->run()
#12 C:\xampp\htdocs\HMS-ITE311-G7\system\Boot.php(68): CodeIgniter\Boot::runCodeIgniter(Object(CodeIgniter\CodeIgniter))
#13 C:\xampp\htdocs\HMS-ITE311-G7\public\index.php(59): CodeIgniter\Boot::bootWeb(Object(Config\Paths))
#14 {main}

Next CodeIgniter\Database\Exceptions\DatabaseException: Unknown database 'ite-hms-g7' in C:\xampp\htdocs\HMS-ITE311-G7\system\Database\MySQLi\Connection.php:246
Stack trace:
#0 C:\xampp\htdocs\HMS-ITE311-G7\system\Database\BaseConnection.php(419): CodeIgniter\Database\MySQLi\Connection->connect(false)
#1 C:\xampp\htdocs\HMS-ITE311-G7\system\Database\BaseConnection.php(614): CodeIgniter\Database\BaseConnection->initialize()
#2 C:\xampp\htdocs\HMS-ITE311-G7\system\Database\BaseBuilder.php(1649): CodeIgniter\Database\BaseConnection->query('SELECT *\nFROM `...', Array, false)
#3 C:\xampp\htdocs\HMS-ITE311-G7\system\Model.php(330): CodeIgniter\Database\BaseBuilder->get()
#4 C:\xampp\htdocs\HMS-ITE311-G7\system\BaseModel.php(715): CodeIgniter\Model->doFirst()
#5 C:\xampp\htdocs\HMS-ITE311-G7\app\Models\UserModel.php(70): CodeIgniter\BaseModel->first()
#6 C:\xampp\htdocs\HMS-ITE311-G7\app\Controllers\Auth.php(42): App\Models\UserModel->verifyPassword('admin@gmail.com', 'admin123')
#7 C:\xampp\htdocs\HMS-ITE311-G7\system\CodeIgniter.php(933): App\Controllers\Auth->authenticate()
#8 C:\xampp\htdocs\HMS-ITE311-G7\system\CodeIgniter.php(507): CodeIgniter\CodeIgniter->runController(Object(App\Controllers\Auth))
#9 C:\xampp\htdocs\HMS-ITE311-G7\system\CodeIgniter.php(354): CodeIgniter\CodeIgniter->handleRequest(NULL, Object(Config\Cache), false)
#10 C:\xampp\htdocs\HMS-ITE311-G7\system\Boot.php(363): CodeIgniter\CodeIgniter->run()
#11 C:\xampp\htdocs\HMS-ITE311-G7\system\Boot.php(68): CodeIgniter\Boot::runCodeIgniter(Object(CodeIgniter\CodeIgniter))
#12 C:\xampp\htdocs\HMS-ITE311-G7\public\index.php(59): CodeIgniter\Boot::bootWeb(Object(Config\Paths))
#13 {main}
CRITICAL - 2025-12-04 15:02:46 --> CodeIgniter\Database\Exceptions\DatabaseException: Unable to connect to the database.
Main connection [MySQLi]: Unknown database 'ite-hms-g7'
[Method: POST, Route: auth/authenticate]
in SYSTEMPATH\Database\BaseConnection.php on line 465.
 1 SYSTEMPATH\Database\BaseConnection.php(614): CodeIgniter\Database\BaseConnection->initialize()
 2 SYSTEMPATH\Database\BaseBuilder.php(1649): CodeIgniter\Database\BaseConnection->query('SELECT *
FROM `users`
WHERE `email` = :email:
 LIMIT 1', [...], false)
 3 SYSTEMPATH\Model.php(330): CodeIgniter\Database\BaseBuilder->get()
 4 SYSTEMPATH\BaseModel.php(715): CodeIgniter\Model->doFirst()
 5 APPPATH\Models\UserModel.php(70): CodeIgniter\BaseModel->first()
 6 APPPATH\Controllers\Auth.php(42): App\Models\UserModel->verifyPassword('admin@gmail.com', 'admin123')
 7 SYSTEMPATH\CodeIgniter.php(933): App\Controllers\Auth->authenticate()
 8 SYSTEMPATH\CodeIgniter.php(507): CodeIgniter\CodeIgniter->runController(Object(App\Controllers\Auth))
 9 SYSTEMPATH\CodeIgniter.php(354): CodeIgniter\CodeIgniter->handleRequest(null, Object(Config\Cache), false)
10 SYSTEMPATH\Boot.php(363): CodeIgniter\CodeIgniter->run()
11 SYSTEMPATH\Boot.php(68): CodeIgniter\Boot::runCodeIgniter(Object(CodeIgniter\CodeIgniter))
12 FCPATH\index.php(59): CodeIgniter\Boot::bootWeb(Object(Config\Paths))
